<?xml version="1.0" encoding="UTF-8"?>
<!-- Generated by org.testng.reporters.JUnitXMLReporter -->
<testsuite ignored="0" hostname="SathyaNJ" failures="1" tests="1" name="ChromeTest" time="0.045" errors="0" timestamp="2025-03-11T20:43:29 IST">
  <testcase classname="tests.TC001_SignUpTest" name="signUpTest" time="0.0">
    <failure type="java.lang.RuntimeException" message="java.lang.NullPointerException">
      <![CDATA[java.lang.RuntimeException: java.lang.NullPointerException
at java.base/java.util.ArrayList.forEach(ArrayList.java:1597)
Caused by: java.lang.NullPointerException
at java.base/java.io.File.<init>(File.java:278)
at utils.UtilsClass.readExcel(UtilsClass.java:54)
at base.ProjectSpecificationMethods.excelRead(ProjectSpecificationMethods.java:25)
... 25 more
... Removed 30 stack frames]]>
    </failure>
  </testcase> <!-- signUpTest -->
</testsuite> <!-- ChromeTest -->
